<?xml version="1.0" encoding="UTF-8"?>
<!-- Generated by org.testng.reporters.JUnitReportReporter -->
<testsuite skipped="0" hostname="LAPTOP-O92R038B" name="org.testleaf.leaftaps.testcases.TC001_LoginLogout" tests="2" failures="0" timestamp="08 Sep 2019 10:36:51 GMT" time="12.209" errors="0">
  <testcase name="runTC001" time="5.072" classname="org.testleaf.leaftaps.testcases.TC001_LoginLogout"/>
  <testcase name="runTC001" time="7.137" classname="org.testleaf.leaftaps.testcases.TC001_LoginLogout"/>
</testsuite> <!-- org.testleaf.leaftaps.testcases.TC001_LoginLogout -->
